<?xml version="1.0" encoding="UTF-8"?>
<!-- Generated by org.testng.reporters.JUnitXMLReporter -->
<testsuite hostname="LAPTOP-P7PVMV8E" ignored="0" name="Test" tests="3" failures="0" timestamp="2022-04-08T22:12:32 IST" time="31.981" errors="0">
  <testcase name="f" time="8.634" classname="MavenNaresh.project_example.NewTest">
    <skipped/>
  </testcase> <!-- f -->
  <testcase name="f" time="8.532" classname="MavenNaresh.project_example.NewTest">
    <skipped/>
  </testcase> <!-- f -->
  <testcase name="f" time="14.679" classname="MavenNaresh.project_example.NewTest"/>
</testsuite> <!-- Test -->
